Determining if the pthread_create exist failed with the following output:
Change Dir: /data/projects/ARM/CMakeFiles/CMakeTmp

Run Build Command:/usr/bin/make "cmTryCompileExec2934370421/fast"
/usr/bin/make -f CMakeFiles/cmTryCompileExec2934370421.dir/build.make CMakeFiles/cmTryCompileExec2934370421.dir/build
make[1]: Entering directory `/data/projects/ARM/CMakeFiles/CMakeTmp'
/usr/bin/cmake -E cmake_progress_report /data/projects/ARM/CMakeFiles/CMakeTmp/CMakeFiles 1
Building C object CMakeFiles/cmTryCompileExec2934370421.dir/CheckSymbolExists.c.o
/usr/bin/cc    -o CMakeFiles/cmTryCompileExec2934370421.dir/CheckSymbolExists.c.o   -c /data/projects/ARM/CMakeFiles/CMakeTmp/CheckSymbolExists.c
Linking C executable cmTryCompileExec2934370421
/usr/bin/cmake -E cmake_link_script CMakeFiles/cmTryCompileExec2934370421.dir/link.txt --verbose=1
/usr/bin/cc       CMakeFiles/cmTryCompileExec2934370421.dir/CheckSymbolExists.c.o  -o cmTryCompileExec2934370421 -rdynamic 
CMakeFiles/cmTryCompileExec2934370421.dir/CheckSymbolExists.c.o: In function `main':
CheckSymbolExists.c:(.text+0x16): undefined reference to `pthread_create'
collect2: error: ld returned 1 exit status
make[1]: *** [cmTryCompileExec2934370421] Error 1
make[1]: Leaving directory `/data/projects/ARM/CMakeFiles/CMakeTmp'
make: *** [cmTryCompileExec2934370421/fast] Error 2

File /data/projects/ARM/CMakeFiles/CMakeTmp/CheckSymbolExists.c:
/* */
#include <pthread.h>

int main(int argc, char** argv)
{
  (void)argv;
#ifndef pthread_create
  return ((int*)(&pthread_create))[argc];
#else
  (void)argc;
  return 0;
#endif
}

Determining if the function pthread_create exists in the pthreads failed with the following output:
Change Dir: /data/projects/ARM/CMakeFiles/CMakeTmp

Run Build Command:/usr/bin/make "cmTryCompileExec87435734/fast"
/usr/bin/make -f CMakeFiles/cmTryCompileExec87435734.dir/build.make CMakeFiles/cmTryCompileExec87435734.dir/build
make[1]: Entering directory `/data/projects/ARM/CMakeFiles/CMakeTmp'
/usr/bin/cmake -E cmake_progress_report /data/projects/ARM/CMakeFiles/CMakeTmp/CMakeFiles 1
Building C object CMakeFiles/cmTryCompileExec87435734.dir/CheckFunctionExists.c.o
/usr/bin/cc   -DCHECK_FUNCTION_EXISTS=pthread_create   -o CMakeFiles/cmTryCompileExec87435734.dir/CheckFunctionExists.c.o   -c /usr/share/cmake-2.8/Modules/CheckFunctionExists.c
Linking C executable cmTryCompileExec87435734
/usr/bin/cmake -E cmake_link_script CMakeFiles/cmTryCompileExec87435734.dir/link.txt --verbose=1
/usr/bin/cc   -DCHECK_FUNCTION_EXISTS=pthread_create    CMakeFiles/cmTryCompileExec87435734.dir/CheckFunctionExists.c.o  -o cmTryCompileExec87435734 -rdynamic -lpthreads 
/usr/bin/ld: cannot find -lpthreads
collect2: error: ld returned 1 exit status
make[1]: *** [cmTryCompileExec87435734] Error 1
make[1]: Leaving directory `/data/projects/ARM/CMakeFiles/CMakeTmp'
make: *** [cmTryCompileExec87435734/fast] Error 2


